<?xml version="1.0" encoding="UTF-8"?>
<!-- Generated by org.testng.reporters.JUnitReportReporter -->
<testsuite skipped="0" hostname="MININT-1TH8HFR" name="com.Megento.testcases.TC_002_SytemCache" tests="1" failures="0" timestamp="07 Oct 2019 11:28:41 GMT" time="12.229" errors="0">
  <testcase name="cache_clear" time="12.229" classname="com.Megento.testcases.TC_002_SytemCache"/>
</testsuite> <!-- com.Megento.testcases.TC_002_SytemCache -->
