<?xml version="1.0" encoding="UTF-8"?>
<!-- Generated by org.testng.reporters.JUnitReportReporter -->
<testsuite skipped="0" hostname="MININT-1TH8HFR" name="com.Magento.testcases.TC_001_DashBoard" tests="1" failures="0" timestamp="07 Oct 2019 11:38:37 GMT" time="2.288" errors="0">
  <testcase name="Dashboardtabs" time="2.288" classname="com.Magento.testcases.TC_001_DashBoard"/>
</testsuite> <!-- com.Magento.testcases.TC_001_DashBoard -->
