<?xml version="1.0" encoding="UTF-8"?>
<!-- Generated by org.testng.reporters.JUnitReportReporter -->
<testsuite skipped="0" hostname="MININT-1TH8HFR" name="com.Megento.testcases.TC_003_Customer_Verify" tests="1" failures="0" timestamp="07 Oct 2019 11:28:41 GMT" time="0.083" errors="0">
  <testcase name="customer_verify" time="0.083" classname="com.Megento.testcases.TC_003_Customer_Verify"/>
</testsuite> <!-- com.Megento.testcases.TC_003_Customer_Verify -->
