<?xml version="1.0" encoding="UTF-8"?>
<!-- Generated by org.testng.reporters.JUnitReportReporter -->
<testsuite skipped="0" hostname="MININT-1TH8HFR" name="com.Megento.testcases.TC_001_DashBoard" tests="1" failures="0" timestamp="07 Oct 2019 11:28:41 GMT" time="2.303" errors="0">
  <testcase name="Dashboardtabs" time="2.303" classname="com.Megento.testcases.TC_001_DashBoard"/>
</testsuite> <!-- com.Megento.testcases.TC_001_DashBoard -->
